2025-01-07 14:48:10,366 - INFO - [31m[1mWARNING: This is a development server. Do not use it in a production deployment. Use a production WSGI server instead.[0m
 * Running on all addresses (0.0.0.0)
 * Running on http://127.0.0.1:5000
 * Running on http://192.168.1.3:5000
2025-01-07 14:48:10,367 - INFO - [33mPress CTRL+C to quit[0m
2025-01-07 14:48:10,376 - INFO -  * Restarting with watchdog (windowsapi)
2025-01-07 14:49:08,905 - INFO -  * Restarting with watchdog (windowsapi)
2025-01-07 14:49:58,909 - INFO -  * Restarting with watchdog (windowsapi)
2025-01-07 14:50:12,173 - INFO -  * Restarting with watchdog (windowsapi)
2025-01-07 14:51:10,715 - INFO -  * Restarting with watchdog (windowsapi)
2025-01-07 14:51:18,400 - INFO -  * Restarting with watchdog (windowsapi)
2025-01-07 14:51:33,472 - INFO -  * Restarting with watchdog (windowsapi)
2025-01-07 14:52:00,842 - INFO -  * Restarting with watchdog (windowsapi)
2025-01-07 14:52:24,236 - INFO -  * Restarting with watchdog (windowsapi)
2025-01-07 14:54:59,684 - INFO -  * Restarting with watchdog (windowsapi)
2025-01-07 15:58:02,912 - INFO -  * Restarting with watchdog (windowsapi)
2025-01-07 15:58:13,922 - INFO -  * Restarting with watchdog (windowsapi)
2025-01-07 15:58:22,691 - INFO -  * Restarting with watchdog (windowsapi)
2025-01-07 15:58:28,505 - INFO -  * Restarting with watchdog (windowsapi)
2025-01-07 16:08:05,626 - INFO -  * Restarting with watchdog (windowsapi)
2025-01-07 16:08:17,156 - INFO -  * Restarting with watchdog (windowsapi)
2025-01-07 16:08:27,347 - INFO -  * Restarting with watchdog (windowsapi)
2025-01-07 16:08:39,439 - INFO -  * Restarting with watchdog (windowsapi)
2025-01-07 16:08:52,716 - INFO -  * Restarting with watchdog (windowsapi)
2025-01-07 16:10:08,501 - INFO -  * Restarting with watchdog (windowsapi)
2025-01-07 16:11:35,035 - INFO -  * Restarting with watchdog (windowsapi)
2025-01-07 16:12:37,815 - INFO -  * Restarting with watchdog (windowsapi)
2025-01-07 16:12:46,704 - INFO -  * Restarting with watchdog (windowsapi)
2025-01-07 16:13:11,604 - INFO -  * Restarting with watchdog (windowsapi)
2025-01-07 16:13:23,352 - INFO -  * Restarting with watchdog (windowsapi)
2025-01-07 16:13:28,002 - INFO -  * Restarting with watchdog (windowsapi)
2025-01-07 16:13:52,783 - INFO -  * Restarting with watchdog (windowsapi)
2025-01-07 16:14:06,804 - INFO -  * Restarting with watchdog (windowsapi)
2025-01-07 16:14:26,627 - INFO -  * Restarting with watchdog (windowsapi)
2025-01-07 16:14:36,177 - INFO -  * Restarting with watchdog (windowsapi)
2025-01-07 16:14:43,331 - INFO -  * Restarting with watchdog (windowsapi)
2025-01-07 16:15:19,319 - INFO -  * Restarting with watchdog (windowsapi)
